<?xml version="1.0" encoding="UTF-8"?>
<!-- Generated by org.testng.reporters.JUnitReportReporter -->
<testsuite skipped="0" hostname="Ravi-PC" name="com.qa.tests.Post_call" tests="2" failures="0" timestamp="17 May 2020 11:18:16 GMT" time="0.046" errors="0">
  <testcase name="status_code_post" time="0.000" classname="com.qa.tests.Post_call"/>
  <testcase name="responseBody_post" time="0.046" classname="com.qa.tests.Post_call"/>
</testsuite> <!-- com.qa.tests.Post_call -->
