<?xml version="1.0" encoding="UTF-8"?>
<!-- Generated by org.testng.reporters.JUnitReportReporter -->
<testsuite skipped="0" hostname="Ravi-PC" name="com.qa.tests.getAllEmpRecords" tests="5" failures="0" timestamp="17 May 2020 10:29:31 GMT" time="0.155" errors="0">
  <testcase name="checkResponseBodyAll" time="0.124" classname="com.qa.tests.getAllEmpRecords"/>
  <testcase name="checkStatusCodeAll" time="0.000" classname="com.qa.tests.getAllEmpRecords"/>
  <testcase name="checkServerTypeAll" time="0.000" classname="com.qa.tests.getAllEmpRecords"/>
  <testcase name="checkStatusLineAll" time="0.015" classname="com.qa.tests.getAllEmpRecords"/>
  <testcase name="checkContentTypeAll" time="0.016" classname="com.qa.tests.getAllEmpRecords"/>
</testsuite> <!-- com.qa.tests.getAllEmpRecords -->
