<?xml version="1.0" encoding="UTF-8"?>
<!-- Generated by org.testng.reporters.JUnitReportReporter -->
<testsuite skipped="0" hostname="Ravi-PC" name="com.qa.tests.getSingleUserWithId" tests="5" failures="0" timestamp="17 May 2020 10:29:31 GMT" time="0.172" errors="0">
  <testcase name="checkResponseBody" time="0.140" classname="com.qa.tests.getSingleUserWithId"/>
  <testcase name="checkServerType" time="0.000" classname="com.qa.tests.getSingleUserWithId"/>
  <testcase name="checkStatusCode" time="0.000" classname="com.qa.tests.getSingleUserWithId"/>
  <testcase name="checkContentType" time="0.032" classname="com.qa.tests.getSingleUserWithId"/>
  <testcase name="checkStatusLine" time="0.000" classname="com.qa.tests.getSingleUserWithId"/>
</testsuite> <!-- com.qa.tests.getSingleUserWithId -->
