<?xml version="1.0" encoding="UTF-8"?>
<!-- Generated by org.testng.reporters.JUnitReportReporter -->
<testsuite skipped="0" hostname="Ravi-PC" name="com.qa.tests.GetSingleEmpRecord" tests="2" failures="0" timestamp="17 May 2020 08:22:01 GMT" time="0.171" errors="0">
  <testcase name="checkResponseBody" time="0.171" classname="com.qa.tests.GetSingleEmpRecord"/>
  <testcase name="checkStatusCode" time="0.000" classname="com.qa.tests.GetSingleEmpRecord"/>
</testsuite> <!-- com.qa.tests.GetSingleEmpRecord -->
